  [1m[36m (1.7ms)[0m  [1mCREATE TABLE "schema_migrations" ("version" varchar NOT NULL) [0m
  [1m[35m (0.1ms)[0m  select sqlite_version(*)
  [1m[36m (1.6ms)[0m  [1mCREATE UNIQUE INDEX "unique_schema_migrations" ON "schema_migrations" ("version")[0m
  [1m[35mActiveRecord::SchemaMigration Load (0.1ms)[0m  SELECT "schema_migrations".* FROM "schema_migrations"


Started GET "/" for ::1 at 2015-11-17 17:47:54 -0600
Processing by Rails::WelcomeController#index as HTML
  Rendered /Users/admin/.rvm/gems/ruby-2.1.2/gems/railties-4.2.3/lib/rails/templates/rails/welcome/index.html.erb (2.8ms)
Completed 200 OK in 27ms (Views: 19.4ms | ActiveRecord: 0.0ms)
  [1m[36mActiveRecord::SchemaMigration Load (0.1ms)[0m  [1mSELECT "schema_migrations".* FROM "schema_migrations"[0m
Migrating to CreateStudents (1)
  [1m[35m (0.1ms)[0m  begin transaction
  [1m[36m (0.4ms)[0m  [1mCREATE TABLE "students" ("id" INTEGER PRIMARY KEY AUTOINCREMENT NOT NULL, "first_name" varchar, "last_name" varchar, "created_at" datetime NOT NULL, "updated_at" datetime NOT NULL) [0m
  [1m[35mSQL (0.3ms)[0m  INSERT INTO "schema_migrations" ("version") VALUES (?)  [["version", "1"]]
  [1m[36m (1.4ms)[0m  [1mcommit transaction[0m
  [1m[35mActiveRecord::SchemaMigration Load (0.1ms)[0m  SELECT "schema_migrations".* FROM "schema_migrations"
  [1m[36m (0.1ms)[0m  [1mbegin transaction[0m
  [1m[35mSQL (0.3ms)[0m  INSERT INTO "students" ("first_name", "last_name", "created_at", "updated_at") VALUES (?, ?, ?, ?)  [["first_name", "Jordan"], ["last_name", "Hudgens"], ["created_at", "2015-11-18 00:10:55.545365"], ["updated_at", "2015-11-18 00:10:55.545365"]]
  [1m[36m (2.9ms)[0m  [1mcommit transaction[0m
  [1m[35mStudent Load (0.2ms)[0m  SELECT  "students".* FROM "students"  ORDER BY "students"."id" DESC LIMIT 1
  [1m[36m (0.1ms)[0m  [1mbegin transaction[0m
  [1m[35mSQL (0.3ms)[0m  INSERT INTO "students" ("created_at", "updated_at") VALUES (?, ?)  [["created_at", "2015-11-18 00:17:49.095449"], ["updated_at", "2015-11-18 00:17:49.095449"]]
  [1m[36m (1.2ms)[0m  [1mcommit transaction[0m
  [1m[35mStudent Load (0.2ms)[0m  SELECT  "students".* FROM "students"  ORDER BY "students"."id" DESC LIMIT 1
  [1m[36mActiveRecord::SchemaMigration Load (0.1ms)[0m  [1mSELECT "schema_migrations".* FROM "schema_migrations"[0m
  [1m[35mActiveRecord::SchemaMigration Load (0.1ms)[0m  SELECT "schema_migrations".* FROM "schema_migrations"


Started GET "/" for ::1 at 2015-11-18 13:36:42 -0600
  [1m[36mActiveRecord::SchemaMigration Load (0.1ms)[0m  [1mSELECT "schema_migrations".* FROM "schema_migrations"[0m
Processing by Rails::WelcomeController#index as HTML
  Rendered /Users/admin/.rvm/gems/ruby-2.1.2/gems/railties-4.2.3/lib/rails/templates/rails/welcome/index.html.erb (2.4ms)
Completed 200 OK in 39ms (Views: 24.5ms | ActiveRecord: 0.0ms)


Started GET "/" for ::1 at 2015-11-18 13:37:10 -0600
Processing by Rails::WelcomeController#index as HTML
  Rendered /Users/admin/.rvm/gems/ruby-2.1.2/gems/railties-4.2.3/lib/rails/templates/rails/welcome/index.html.erb (0.0ms)
Completed 200 OK in 1ms (Views: 0.7ms | ActiveRecord: 0.0ms)


Started GET "/students" for ::1 at 2017-09-21 17:14:39 -0400
  [1m[36mActiveRecord::SchemaMigration Load (0.1ms)[0m  [1mSELECT "schema_migrations".* FROM "schema_migrations"[0m

ActionController::RoutingError (No route matches [GET] "/students"):
  actionpack (4.2.3) lib/action_dispatch/middleware/debug_exceptions.rb:21:in `call'
  web-console (2.2.1) lib/web_console/middleware.rb:39:in `call'
  actionpack (4.2.3) lib/action_dispatch/middleware/show_exceptions.rb:30:in `call'
  railties (4.2.3) lib/rails/rack/logger.rb:38:in `call_app'
  railties (4.2.3) lib/rails/rack/logger.rb:20:in `block in call'
  activesupport (4.2.3) lib/active_support/tagged_logging.rb:68:in `block in tagged'
  activesupport (4.2.3) lib/active_support/tagged_logging.rb:26:in `tagged'
  activesupport (4.2.3) lib/active_support/tagged_logging.rb:68:in `tagged'
  railties (4.2.3) lib/rails/rack/logger.rb:20:in `call'
  actionpack (4.2.3) lib/action_dispatch/middleware/request_id.rb:21:in `call'
  rack (1.6.4) lib/rack/methodoverride.rb:22:in `call'
  rack (1.6.4) lib/rack/runtime.rb:18:in `call'
  activesupport (4.2.3) lib/active_support/cache/strategy/local_cache_middleware.rb:28:in `call'
  rack (1.6.4) lib/rack/lock.rb:17:in `call'
  actionpack (4.2.3) lib/action_dispatch/middleware/static.rb:116:in `call'
  rack (1.6.4) lib/rack/sendfile.rb:113:in `call'
  railties (4.2.3) lib/rails/engine.rb:518:in `call'
  railties (4.2.3) lib/rails/application.rb:165:in `call'
  rack (1.6.4) lib/rack/lock.rb:17:in `call'
  rack (1.6.4) lib/rack/content_length.rb:15:in `call'
  rack (1.6.4) lib/rack/handler/webrick.rb:88:in `service'
  /Users/ryansperzel/.rvm/rubies/ruby-2.3.3/lib/ruby/2.3.0/webrick/httpserver.rb:140:in `service'
  /Users/ryansperzel/.rvm/rubies/ruby-2.3.3/lib/ruby/2.3.0/webrick/httpserver.rb:96:in `run'
  /Users/ryansperzel/.rvm/rubies/ruby-2.3.3/lib/ruby/2.3.0/webrick/server.rb:296:in `block in start_thread'


  Rendered /Users/ryansperzel/.rvm/gems/ruby-2.3.3/gems/actionpack-4.2.3/lib/action_dispatch/middleware/templates/rescues/_trace.html.erb (1.1ms)
  Rendered /Users/ryansperzel/.rvm/gems/ruby-2.3.3/gems/actionpack-4.2.3/lib/action_dispatch/middleware/templates/routes/_table.html.erb (6.1ms)
  Rendered /Users/ryansperzel/.rvm/gems/ruby-2.3.3/gems/actionpack-4.2.3/lib/action_dispatch/middleware/templates/rescues/_request_and_response.html.erb (9.2ms)
  Rendered /Users/ryansperzel/.rvm/gems/ruby-2.3.3/gems/actionpack-4.2.3/lib/action_dispatch/middleware/templates/rescues/routing_error.html.erb within rescues/layout (62.0ms)
  Rendered /Users/ryansperzel/.rvm/gems/ruby-2.3.3/gems/web-console-2.2.1/lib/web_console/templates/_markup.html.erb (0.3ms)
  Rendered /Users/ryansperzel/.rvm/gems/ruby-2.3.3/gems/web-console-2.2.1/lib/web_console/templates/_inner_console_markup.html.erb within layouts/inlined_string (0.4ms)
  Rendered /Users/ryansperzel/.rvm/gems/ruby-2.3.3/gems/web-console-2.2.1/lib/web_console/templates/_prompt_box_markup.html.erb within layouts/inlined_string (0.2ms)
  Rendered /Users/ryansperzel/.rvm/gems/ruby-2.3.3/gems/web-console-2.2.1/lib/web_console/templates/style.css.erb within layouts/inlined_string (0.3ms)
  Rendered /Users/ryansperzel/.rvm/gems/ruby-2.3.3/gems/web-console-2.2.1/lib/web_console/templates/console.js.erb within layouts/javascript (40.7ms)
  Rendered /Users/ryansperzel/.rvm/gems/ruby-2.3.3/gems/web-console-2.2.1/lib/web_console/templates/main.js.erb within layouts/javascript (0.2ms)
  Rendered /Users/ryansperzel/.rvm/gems/ruby-2.3.3/gems/web-console-2.2.1/lib/web_console/templates/error_page.js.erb within layouts/javascript (0.3ms)
  Rendered /Users/ryansperzel/.rvm/gems/ruby-2.3.3/gems/web-console-2.2.1/lib/web_console/templates/index.html.erb (92.1ms)


Started GET "/" for ::1 at 2017-09-21 17:15:27 -0400

SyntaxError (/Users/ryansperzel/dev/module-2/rails/restful-index-action/config/routes.rb:2: syntax error, unexpected tIDENTIFIER, expecting keyword_end
  get 'students' to: "student#{index}"
                   ^):
  config/routes.rb:2: syntax error, unexpected tIDENTIFIER, expecting keyword_end


  Rendered /Users/ryansperzel/.rvm/gems/ruby-2.3.3/gems/actionpack-4.2.3/lib/action_dispatch/middleware/templates/rescues/_source.erb (1.8ms)
  Rendered /Users/ryansperzel/.rvm/gems/ruby-2.3.3/gems/actionpack-4.2.3/lib/action_dispatch/middleware/templates/rescues/_trace.html.erb (1.2ms)
  Rendered /Users/ryansperzel/.rvm/gems/ruby-2.3.3/gems/actionpack-4.2.3/lib/action_dispatch/middleware/templates/rescues/_request_and_response.html.erb (0.6ms)
  Rendered /Users/ryansperzel/.rvm/gems/ruby-2.3.3/gems/actionpack-4.2.3/lib/action_dispatch/middleware/templates/rescues/diagnostics.html.erb within rescues/layout (40.4ms)
  Rendered /Users/ryansperzel/.rvm/gems/ruby-2.3.3/gems/web-console-2.2.1/lib/web_console/templates/_markup.html.erb (0.3ms)
  Rendered /Users/ryansperzel/.rvm/gems/ruby-2.3.3/gems/web-console-2.2.1/lib/web_console/templates/_inner_console_markup.html.erb within layouts/inlined_string (0.2ms)
  Rendered /Users/ryansperzel/.rvm/gems/ruby-2.3.3/gems/web-console-2.2.1/lib/web_console/templates/_prompt_box_markup.html.erb within layouts/inlined_string (0.2ms)
  Rendered /Users/ryansperzel/.rvm/gems/ruby-2.3.3/gems/web-console-2.2.1/lib/web_console/templates/style.css.erb within layouts/inlined_string (0.2ms)
  Rendered /Users/ryansperzel/.rvm/gems/ruby-2.3.3/gems/web-console-2.2.1/lib/web_console/templates/console.js.erb within layouts/javascript (33.8ms)
  Rendered /Users/ryansperzel/.rvm/gems/ruby-2.3.3/gems/web-console-2.2.1/lib/web_console/templates/main.js.erb within layouts/javascript (0.4ms)
  Rendered /Users/ryansperzel/.rvm/gems/ruby-2.3.3/gems/web-console-2.2.1/lib/web_console/templates/error_page.js.erb within layouts/javascript (0.3ms)
  Rendered /Users/ryansperzel/.rvm/gems/ruby-2.3.3/gems/web-console-2.2.1/lib/web_console/templates/index.html.erb (81.3ms)


Started GET "/seas" for ::1 at 2017-09-21 17:15:31 -0400

ActionController::RoutingError (No route matches [GET] "/seas"):
  actionpack (4.2.3) lib/action_dispatch/middleware/debug_exceptions.rb:21:in `call'
  web-console (2.2.1) lib/web_console/middleware.rb:39:in `call'
  actionpack (4.2.3) lib/action_dispatch/middleware/show_exceptions.rb:30:in `call'
  railties (4.2.3) lib/rails/rack/logger.rb:38:in `call_app'
  railties (4.2.3) lib/rails/rack/logger.rb:20:in `block in call'
  activesupport (4.2.3) lib/active_support/tagged_logging.rb:68:in `block in tagged'
  activesupport (4.2.3) lib/active_support/tagged_logging.rb:26:in `tagged'
  activesupport (4.2.3) lib/active_support/tagged_logging.rb:68:in `tagged'
  railties (4.2.3) lib/rails/rack/logger.rb:20:in `call'
  actionpack (4.2.3) lib/action_dispatch/middleware/request_id.rb:21:in `call'
  rack (1.6.4) lib/rack/methodoverride.rb:22:in `call'
  rack (1.6.4) lib/rack/runtime.rb:18:in `call'
  activesupport (4.2.3) lib/active_support/cache/strategy/local_cache_middleware.rb:28:in `call'
  rack (1.6.4) lib/rack/lock.rb:17:in `call'
  actionpack (4.2.3) lib/action_dispatch/middleware/static.rb:116:in `call'
  rack (1.6.4) lib/rack/sendfile.rb:113:in `call'
  railties (4.2.3) lib/rails/engine.rb:518:in `call'
  railties (4.2.3) lib/rails/application.rb:165:in `call'
  rack (1.6.4) lib/rack/lock.rb:17:in `call'
  rack (1.6.4) lib/rack/content_length.rb:15:in `call'
  rack (1.6.4) lib/rack/handler/webrick.rb:88:in `service'
  /Users/ryansperzel/.rvm/rubies/ruby-2.3.3/lib/ruby/2.3.0/webrick/httpserver.rb:140:in `service'
  /Users/ryansperzel/.rvm/rubies/ruby-2.3.3/lib/ruby/2.3.0/webrick/httpserver.rb:96:in `run'
  /Users/ryansperzel/.rvm/rubies/ruby-2.3.3/lib/ruby/2.3.0/webrick/server.rb:296:in `block in start_thread'


  Rendered /Users/ryansperzel/.rvm/gems/ruby-2.3.3/gems/actionpack-4.2.3/lib/action_dispatch/middleware/templates/rescues/_trace.html.erb (1.2ms)
  Rendered /Users/ryansperzel/.rvm/gems/ruby-2.3.3/gems/actionpack-4.2.3/lib/action_dispatch/middleware/templates/routes/_table.html.erb (0.9ms)
  Rendered /Users/ryansperzel/.rvm/gems/ruby-2.3.3/gems/actionpack-4.2.3/lib/action_dispatch/middleware/templates/rescues/_request_and_response.html.erb (0.8ms)
  Rendered /Users/ryansperzel/.rvm/gems/ruby-2.3.3/gems/actionpack-4.2.3/lib/action_dispatch/middleware/templates/rescues/routing_error.html.erb within rescues/layout (40.4ms)
  Rendered /Users/ryansperzel/.rvm/gems/ruby-2.3.3/gems/web-console-2.2.1/lib/web_console/templates/_markup.html.erb (0.3ms)
  Rendered /Users/ryansperzel/.rvm/gems/ruby-2.3.3/gems/web-console-2.2.1/lib/web_console/templates/_inner_console_markup.html.erb within layouts/inlined_string (0.3ms)
  Rendered /Users/ryansperzel/.rvm/gems/ruby-2.3.3/gems/web-console-2.2.1/lib/web_console/templates/_prompt_box_markup.html.erb within layouts/inlined_string (0.3ms)
  Rendered /Users/ryansperzel/.rvm/gems/ruby-2.3.3/gems/web-console-2.2.1/lib/web_console/templates/style.css.erb within layouts/inlined_string (0.3ms)
  Rendered /Users/ryansperzel/.rvm/gems/ruby-2.3.3/gems/web-console-2.2.1/lib/web_console/templates/console.js.erb within layouts/javascript (36.1ms)
  Rendered /Users/ryansperzel/.rvm/gems/ruby-2.3.3/gems/web-console-2.2.1/lib/web_console/templates/main.js.erb within layouts/javascript (0.3ms)
  Rendered /Users/ryansperzel/.rvm/gems/ruby-2.3.3/gems/web-console-2.2.1/lib/web_console/templates/error_page.js.erb within layouts/javascript (0.4ms)
  Rendered /Users/ryansperzel/.rvm/gems/ruby-2.3.3/gems/web-console-2.2.1/lib/web_console/templates/index.html.erb (80.4ms)


Started GET "/students" for ::1 at 2017-09-21 17:15:31 -0400

ActionController::RoutingError (No route matches [GET] "/students"):
  actionpack (4.2.3) lib/action_dispatch/middleware/debug_exceptions.rb:21:in `call'
  web-console (2.2.1) lib/web_console/middleware.rb:39:in `call'
  actionpack (4.2.3) lib/action_dispatch/middleware/show_exceptions.rb:30:in `call'
  railties (4.2.3) lib/rails/rack/logger.rb:38:in `call_app'
  railties (4.2.3) lib/rails/rack/logger.rb:20:in `block in call'
  activesupport (4.2.3) lib/active_support/tagged_logging.rb:68:in `block in tagged'
  activesupport (4.2.3) lib/active_support/tagged_logging.rb:26:in `tagged'
  activesupport (4.2.3) lib/active_support/tagged_logging.rb:68:in `tagged'
  railties (4.2.3) lib/rails/rack/logger.rb:20:in `call'
  actionpack (4.2.3) lib/action_dispatch/middleware/request_id.rb:21:in `call'
  rack (1.6.4) lib/rack/methodoverride.rb:22:in `call'
  rack (1.6.4) lib/rack/runtime.rb:18:in `call'
  activesupport (4.2.3) lib/active_support/cache/strategy/local_cache_middleware.rb:28:in `call'
  rack (1.6.4) lib/rack/lock.rb:17:in `call'
  actionpack (4.2.3) lib/action_dispatch/middleware/static.rb:116:in `call'
  rack (1.6.4) lib/rack/sendfile.rb:113:in `call'
  railties (4.2.3) lib/rails/engine.rb:518:in `call'
  railties (4.2.3) lib/rails/application.rb:165:in `call'
  rack (1.6.4) lib/rack/lock.rb:17:in `call'
  rack (1.6.4) lib/rack/content_length.rb:15:in `call'
  rack (1.6.4) lib/rack/handler/webrick.rb:88:in `service'
  /Users/ryansperzel/.rvm/rubies/ruby-2.3.3/lib/ruby/2.3.0/webrick/httpserver.rb:140:in `service'
  /Users/ryansperzel/.rvm/rubies/ruby-2.3.3/lib/ruby/2.3.0/webrick/httpserver.rb:96:in `run'
  /Users/ryansperzel/.rvm/rubies/ruby-2.3.3/lib/ruby/2.3.0/webrick/server.rb:296:in `block in start_thread'


  Rendered /Users/ryansperzel/.rvm/gems/ruby-2.3.3/gems/actionpack-4.2.3/lib/action_dispatch/middleware/templates/rescues/_trace.html.erb (0.9ms)
  Rendered /Users/ryansperzel/.rvm/gems/ruby-2.3.3/gems/actionpack-4.2.3/lib/action_dispatch/middleware/templates/routes/_table.html.erb (1.2ms)
  Rendered /Users/ryansperzel/.rvm/gems/ruby-2.3.3/gems/actionpack-4.2.3/lib/action_dispatch/middleware/templates/rescues/_request_and_response.html.erb (0.8ms)
  Rendered /Users/ryansperzel/.rvm/gems/ruby-2.3.3/gems/actionpack-4.2.3/lib/action_dispatch/middleware/templates/rescues/routing_error.html.erb within rescues/layout (37.7ms)
  Rendered /Users/ryansperzel/.rvm/gems/ruby-2.3.3/gems/web-console-2.2.1/lib/web_console/templates/_markup.html.erb (0.4ms)
  Rendered /Users/ryansperzel/.rvm/gems/ruby-2.3.3/gems/web-console-2.2.1/lib/web_console/templates/_inner_console_markup.html.erb within layouts/inlined_string (0.2ms)
  Rendered /Users/ryansperzel/.rvm/gems/ruby-2.3.3/gems/web-console-2.2.1/lib/web_console/templates/_prompt_box_markup.html.erb within layouts/inlined_string (0.3ms)
  Rendered /Users/ryansperzel/.rvm/gems/ruby-2.3.3/gems/web-console-2.2.1/lib/web_console/templates/style.css.erb within layouts/inlined_string (0.3ms)
  Rendered /Users/ryansperzel/.rvm/gems/ruby-2.3.3/gems/web-console-2.2.1/lib/web_console/templates/console.js.erb within layouts/javascript (36.7ms)
  Rendered /Users/ryansperzel/.rvm/gems/ruby-2.3.3/gems/web-console-2.2.1/lib/web_console/templates/main.js.erb within layouts/javascript (0.2ms)
  Rendered /Users/ryansperzel/.rvm/gems/ruby-2.3.3/gems/web-console-2.2.1/lib/web_console/templates/error_page.js.erb within layouts/javascript (0.3ms)
  Rendered /Users/ryansperzel/.rvm/gems/ruby-2.3.3/gems/web-console-2.2.1/lib/web_console/templates/index.html.erb (80.9ms)


Started GET "/students" for ::1 at 2017-09-21 17:15:53 -0400

SyntaxError (/Users/ryansperzel/dev/module-2/rails/restful-index-action/config/routes.rb:2: syntax error, unexpected tIDENTIFIER, expecting keyword_end
  get 'students' to: 'student#index'
                   ^):
  config/routes.rb:2: syntax error, unexpected tIDENTIFIER, expecting keyword_end


  Rendered /Users/ryansperzel/.rvm/gems/ruby-2.3.3/gems/actionpack-4.2.3/lib/action_dispatch/middleware/templates/rescues/_source.erb (2.3ms)
  Rendered /Users/ryansperzel/.rvm/gems/ruby-2.3.3/gems/actionpack-4.2.3/lib/action_dispatch/middleware/templates/rescues/_trace.html.erb (1.3ms)
  Rendered /Users/ryansperzel/.rvm/gems/ruby-2.3.3/gems/actionpack-4.2.3/lib/action_dispatch/middleware/templates/rescues/_request_and_response.html.erb (0.7ms)
  Rendered /Users/ryansperzel/.rvm/gems/ruby-2.3.3/gems/actionpack-4.2.3/lib/action_dispatch/middleware/templates/rescues/diagnostics.html.erb within rescues/layout (44.2ms)
  Rendered /Users/ryansperzel/.rvm/gems/ruby-2.3.3/gems/web-console-2.2.1/lib/web_console/templates/_markup.html.erb (0.3ms)
  Rendered /Users/ryansperzel/.rvm/gems/ruby-2.3.3/gems/web-console-2.2.1/lib/web_console/templates/_inner_console_markup.html.erb within layouts/inlined_string (0.3ms)
  Rendered /Users/ryansperzel/.rvm/gems/ruby-2.3.3/gems/web-console-2.2.1/lib/web_console/templates/_prompt_box_markup.html.erb within layouts/inlined_string (0.3ms)
  Rendered /Users/ryansperzel/.rvm/gems/ruby-2.3.3/gems/web-console-2.2.1/lib/web_console/templates/style.css.erb within layouts/inlined_string (0.4ms)
  Rendered /Users/ryansperzel/.rvm/gems/ruby-2.3.3/gems/web-console-2.2.1/lib/web_console/templates/console.js.erb within layouts/javascript (38.9ms)
  Rendered /Users/ryansperzel/.rvm/gems/ruby-2.3.3/gems/web-console-2.2.1/lib/web_console/templates/main.js.erb within layouts/javascript (0.3ms)
  Rendered /Users/ryansperzel/.rvm/gems/ruby-2.3.3/gems/web-console-2.2.1/lib/web_console/templates/error_page.js.erb within layouts/javascript (0.3ms)
  Rendered /Users/ryansperzel/.rvm/gems/ruby-2.3.3/gems/web-console-2.2.1/lib/web_console/templates/index.html.erb (85.6ms)


Started GET "/students" for ::1 at 2017-09-21 17:17:00 -0400
Processing by StudentController#index as HTML
  Rendered student/index.erb within layouts/application (0.3ms)
Completed 200 OK in 917ms (Views: 916.2ms | ActiveRecord: 0.0ms)


Started GET "/assets/student.self-e3b0c44298fc1c149afbf4c8996fb92427ae41e4649b934ca495991b7852b855.css?body=1" for ::1 at 2017-09-21 17:17:01 -0400


Started GET "/assets/student.self-877aef30ae1b040ab8a3aba4e3e309a11d7f2612f44dde450b5c157aa5f95c05.js?body=1" for ::1 at 2017-09-21 17:17:01 -0400


Started GET "/students" for ::1 at 2017-09-21 17:17:16 -0400
Processing by StudentController#index as HTML
  Rendered student/index.erb within layouts/application (0.0ms)
Completed 200 OK in 23ms (Views: 22.0ms | ActiveRecord: 0.0ms)


Started GET "/students" for ::1 at 2017-09-21 17:19:39 -0400
  [1m[36mActiveRecord::SchemaMigration Load (0.1ms)[0m  [1mSELECT "schema_migrations".* FROM "schema_migrations"[0m
Processing by StudentController#index as HTML
  [1m[35mStudent Load (0.1ms)[0m  SELECT "students".* FROM "students"
  Rendered student/index.erb within layouts/application (9.3ms)
Completed 500 Internal Server Error in 22ms (ActiveRecord: 0.3ms)

ActionView::Template::Error (undefined method `name' for #<Student:0x007ffbeda55fc8>):
    1: <% @students.each do |student| %>
    2:   <%= student.name %>
    3: <% end %>
  app/views/student/index.erb:2:in `block in _app_views_student_index_erb__1745477313009905929_70360000986200'
  app/views/student/index.erb:1:in `_app_views_student_index_erb__1745477313009905929_70360000986200'


  Rendered /Users/ryansperzel/.rvm/gems/ruby-2.3.3/gems/actionpack-4.2.3/lib/action_dispatch/middleware/templates/rescues/_source.erb (4.4ms)
  Rendered /Users/ryansperzel/.rvm/gems/ruby-2.3.3/gems/actionpack-4.2.3/lib/action_dispatch/middleware/templates/rescues/_trace.html.erb (1.7ms)
  Rendered /Users/ryansperzel/.rvm/gems/ruby-2.3.3/gems/actionpack-4.2.3/lib/action_dispatch/middleware/templates/rescues/_request_and_response.html.erb (0.6ms)
  Rendered /Users/ryansperzel/.rvm/gems/ruby-2.3.3/gems/actionpack-4.2.3/lib/action_dispatch/middleware/templates/rescues/template_error.html.erb within rescues/layout (45.1ms)
  Rendered /Users/ryansperzel/.rvm/gems/ruby-2.3.3/gems/web-console-2.2.1/lib/web_console/templates/_markup.html.erb (3.6ms)
  Rendered /Users/ryansperzel/.rvm/gems/ruby-2.3.3/gems/web-console-2.2.1/lib/web_console/templates/_inner_console_markup.html.erb within layouts/inlined_string (0.2ms)
  Rendered /Users/ryansperzel/.rvm/gems/ruby-2.3.3/gems/web-console-2.2.1/lib/web_console/templates/_prompt_box_markup.html.erb within layouts/inlined_string (0.3ms)
  Rendered /Users/ryansperzel/.rvm/gems/ruby-2.3.3/gems/web-console-2.2.1/lib/web_console/templates/style.css.erb within layouts/inlined_string (0.3ms)
  Rendered /Users/ryansperzel/.rvm/gems/ruby-2.3.3/gems/web-console-2.2.1/lib/web_console/templates/console.js.erb within layouts/javascript (35.4ms)
  Rendered /Users/ryansperzel/.rvm/gems/ruby-2.3.3/gems/web-console-2.2.1/lib/web_console/templates/main.js.erb within layouts/javascript (0.2ms)
  Rendered /Users/ryansperzel/.rvm/gems/ruby-2.3.3/gems/web-console-2.2.1/lib/web_console/templates/error_page.js.erb within layouts/javascript (0.3ms)
  Rendered /Users/ryansperzel/.rvm/gems/ruby-2.3.3/gems/web-console-2.2.1/lib/web_console/templates/index.html.erb (87.6ms)


Started GET "/students" for ::1 at 2017-09-21 17:20:41 -0400
Processing by StudentController#index as HTML
  [1m[36mStudent Load (0.1ms)[0m  [1mSELECT "students".* FROM "students"[0m
  Rendered student/index.erb within layouts/application (0.8ms)
Completed 200 OK in 143ms (Views: 142.6ms | ActiveRecord: 0.1ms)


Started GET "/students" for ::1 at 2017-09-21 17:20:48 -0400
Processing by StudentController#index as HTML
  [1m[35mStudent Load (0.1ms)[0m  SELECT "students".* FROM "students"
  Rendered student/index.erb within layouts/application (0.6ms)
Completed 200 OK in 34ms (Views: 33.5ms | ActiveRecord: 0.1ms)
